2014-12-11 09:56:48.597 [Worker-5] WARN  HttpNotifications - Cannot convert rebel.notification.port to integer
java.lang.NumberFormatException: null
	at java.lang.Integer.parseInt(Unknown Source) ~[na:1.7.0_17]
	at java.lang.Integer.valueOf(Unknown Source) ~[na:1.7.0_17]
	at org.zeroturnaround.eclipse.jrebel.http.HttpNotifications.startServer(HttpNotifications.java:44) ~[org.zeroturnaround.eclipse_5.4.2.RELEASE-201311281027.jar:na]
	at org.zeroturnaround.eclipse.RebelPlugin.start(RebelPlugin.java:130) [org.zeroturnaround.eclipse_5.4.2.RELEASE-201311281027.jar:na]
	at org.eclipse.osgi.framework.internal.core.BundleContextImpl$1.run(BundleContextImpl.java:711) [org.eclipse.osgi_3.9.1.v20130814-1242.jar:na]
	at java.security.AccessController.doPrivileged(Native Method) [na:1.7.0_17]
	at org.eclipse.osgi.framework.internal.core.BundleContextImpl.startActivator(BundleContextImpl.java:702) [org.eclipse.osgi_3.9.1.v20130814-1242.jar:na]
	at org.eclipse.osgi.framework.internal.core.BundleContextImpl.start(BundleContextImpl.java:683) [org.eclipse.osgi_3.9.1.v20130814-1242.jar:na]
	at org.eclipse.osgi.framework.internal.core.BundleHost.startWorker(BundleHost.java:381) [org.eclipse.osgi_3.9.1.v20130814-1242.jar:na]
	at org.eclipse.osgi.framework.internal.core.AbstractBundle.start(AbstractBundle.java:300) [org.eclipse.osgi_3.9.1.v20130814-1242.jar:na]
	at org.eclipse.osgi.framework.util.SecureAction.start(SecureAction.java:478) [org.eclipse.osgi_3.9.1.v20130814-1242.jar:na]
	at org.eclipse.osgi.internal.loader.BundleLoader.setLazyTrigger(BundleLoader.java:263) [org.eclipse.osgi_3.9.1.v20130814-1242.jar:na]
	at org.eclipse.core.runtime.internal.adaptor.EclipseLazyStarter.postFindLocalClass(EclipseLazyStarter.java:109) [org.eclipse.osgi_3.9.1.v20130814-1242.jar:na]
	at org.eclipse.osgi.baseadaptor.loader.ClasspathManager.findLocalClass(ClasspathManager.java:469) [org.eclipse.osgi_3.9.1.v20130814-1242.jar:na]
	at org.eclipse.osgi.internal.baseadaptor.DefaultClassLoader.findLocalClass(DefaultClassLoader.java:216) [org.eclipse.osgi_3.9.1.v20130814-1242.jar:na]
	at org.eclipse.osgi.internal.loader.BundleLoader.findLocalClass(BundleLoader.java:395) [org.eclipse.osgi_3.9.1.v20130814-1242.jar:na]
	at org.eclipse.osgi.internal.loader.BundleLoader.findClassInternal(BundleLoader.java:464) [org.eclipse.osgi_3.9.1.v20130814-1242.jar:na]
	at org.eclipse.osgi.internal.loader.BundleLoader.findClass(BundleLoader.java:421) [org.eclipse.osgi_3.9.1.v20130814-1242.jar:na]
	at org.eclipse.osgi.internal.loader.BundleLoader.findClass(BundleLoader.java:412) [org.eclipse.osgi_3.9.1.v20130814-1242.jar:na]
	at org.eclipse.osgi.internal.baseadaptor.DefaultClassLoader.loadClass(DefaultClassLoader.java:107) [org.eclipse.osgi_3.9.1.v20130814-1242.jar:na]
	at java.lang.ClassLoader.loadClass(Unknown Source) [na:1.7.0_17]
	at org.eclipse.osgi.internal.loader.BundleLoader.loadClass(BundleLoader.java:340) [org.eclipse.osgi_3.9.1.v20130814-1242.jar:na]
	at org.eclipse.osgi.framework.internal.core.BundleHost.loadClass(BundleHost.java:229) [org.eclipse.osgi_3.9.1.v20130814-1242.jar:na]
	at org.eclipse.osgi.framework.internal.core.AbstractBundle.loadClass(AbstractBundle.java:1212) [org.eclipse.osgi_3.9.1.v20130814-1242.jar:na]
	at org.eclipse.core.internal.registry.osgi.RegistryStrategyOSGI.createExecutableExtension(RegistryStrategyOSGI.java:174) [org.eclipse.equinox.registry_3.5.301.v20130717-1549.jar:na]
	at org.eclipse.core.internal.registry.ExtensionRegistry.createExecutableExtension(ExtensionRegistry.java:905) [org.eclipse.equinox.registry_3.5.301.v20130717-1549.jar:na]
	at org.eclipse.core.internal.registry.ConfigurationElement.createExecutableExtension(ConfigurationElement.java:243) [org.eclipse.equinox.registry_3.5.301.v20130717-1549.jar:na]
	at org.eclipse.core.internal.registry.ConfigurationElementHandle.createExecutableExtension(ConfigurationElementHandle.java:55) [org.eclipse.equinox.registry_3.5.301.v20130717-1549.jar:na]
	at org.eclipse.ui.internal.WorkbenchPlugin$1.run(WorkbenchPlugin.java:282) [org.eclipse.ui.workbench_3.105.1.v20130821-1411.jar:na]
	at org.eclipse.swt.custom.BusyIndicator.showWhile(BusyIndicator.java:52) [org.eclipse.swt.win32.win32.x86_3.102.1.v20130827-2048.jar:na]
	at org.eclipse.ui.internal.WorkbenchPlugin.createExtension(WorkbenchPlugin.java:278) [org.eclipse.ui.workbench_3.105.1.v20130821-1411.jar:na]
	at org.eclipse.ui.internal.EarlyStartupRunnable.getExecutableExtension(EarlyStartupRunnable.java:117) [org.eclipse.ui.workbench_3.105.1.v20130821-1411.jar:na]
	at org.eclipse.ui.internal.EarlyStartupRunnable.run(EarlyStartupRunnable.java:66) [org.eclipse.ui.workbench_3.105.1.v20130821-1411.jar:na]
	at org.eclipse.core.runtime.SafeRunner.run(SafeRunner.java:42) [org.eclipse.equinox.common_3.6.200.v20130402-1505.jar:na]
	at org.eclipse.ui.internal.Workbench$55.run(Workbench.java:2551) [org.eclipse.ui.workbench_3.105.1.v20130821-1411.jar:na]
	at org.eclipse.core.internal.jobs.Worker.run(Worker.java:53) [org.eclipse.core.jobs_3.5.300.v20130429-1813.jar:na]
2014-12-11 09:56:48.887 [Worker-5] DEBUG HttpNotifications - Listening to JRebel notifications at http://127.0.0.1:52086/jrebel/notifications
2014-12-11 09:56:48.913 [Worker-5] DEBUG o.z.exec.ProcessExecutor - Executing [C:\Program Files (x86)\Java\jre7\bin\java.exe, -Drebel.log=false, -Drebel.log.stdout=false, -Drebel.properties=C:\Users\gecasti\.jrebel\jrebel.properties, -Drebel.license_server.legacy=false, -cp, C:\Program Files\eclipse\juno\plugins\org.zeroturnaround.eclipse.embedder_5.4.2.RELEASE-201311281027\jrebel\jrebel.jar, com.zeroturnaround.javarebel.CLILicensingAPIImpl, getCurrentLicense, ]...
2014-12-11 09:56:48.951 [Worker-5] DEBUG o.z.exec.ProcessExecutor - Started java.lang.ProcessImpl@9122d7
2014-12-11 09:56:49.587 [Worker-5] DEBUG o.z.exec.WaitForProcess - java.lang.ProcessImpl@9122d7 stopped with exit code 2
2014-12-12 08:57:09.007 [JRebel License Expiration Notification Checker] DEBUG o.z.exec.ProcessExecutor - Executing [C:\Program Files (x86)\Java\jre7\bin\java.exe, -Drebel.log=false, -Drebel.log.stdout=false, -Drebel.properties=C:\Users\gecasti\.jrebel\jrebel.properties, -Drebel.license_server.legacy=false, -cp, C:\Program Files\eclipse\juno\plugins\org.zeroturnaround.eclipse.embedder_5.4.2.RELEASE-201311281027\jrebel\jrebel.jar, com.zeroturnaround.javarebel.CLILicensingAPIImpl, getCurrentLicense, ]...
2014-12-12 08:57:30.601 [JRebel License Expiration Notification Checker] DEBUG o.z.exec.ProcessExecutor - Started java.lang.ProcessImpl@1bc49c7
2014-12-12 08:57:38.272 [JRebel License Expiration Notification Checker] DEBUG o.z.exec.WaitForProcess - java.lang.ProcessImpl@1bc49c7 stopped with exit code 2
2014-12-15 11:09:16.915 [Worker-1] WARN  HttpNotifications - Cannot convert rebel.notification.port to integer
java.lang.NumberFormatException: null
	at java.lang.Integer.parseInt(Unknown Source) ~[na:1.7.0_17]
	at java.lang.Integer.valueOf(Unknown Source) ~[na:1.7.0_17]
	at org.zeroturnaround.eclipse.jrebel.http.HttpNotifications.startServer(HttpNotifications.java:44) ~[org.zeroturnaround.eclipse_5.4.2.RELEASE-201311281027.jar:na]
	at org.zeroturnaround.eclipse.RebelPlugin.start(RebelPlugin.java:130) [org.zeroturnaround.eclipse_5.4.2.RELEASE-201311281027.jar:na]
	at org.eclipse.osgi.framework.internal.core.BundleContextImpl$1.run(BundleContextImpl.java:711) [org.eclipse.osgi_3.9.1.v20130814-1242.jar:na]
	at java.security.AccessController.doPrivileged(Native Method) [na:1.7.0_17]
	at org.eclipse.osgi.framework.internal.core.BundleContextImpl.startActivator(BundleContextImpl.java:702) [org.eclipse.osgi_3.9.1.v20130814-1242.jar:na]
	at org.eclipse.osgi.framework.internal.core.BundleContextImpl.start(BundleContextImpl.java:683) [org.eclipse.osgi_3.9.1.v20130814-1242.jar:na]
	at org.eclipse.osgi.framework.internal.core.BundleHost.startWorker(BundleHost.java:381) [org.eclipse.osgi_3.9.1.v20130814-1242.jar:na]
	at org.eclipse.osgi.framework.internal.core.AbstractBundle.start(AbstractBundle.java:300) [org.eclipse.osgi_3.9.1.v20130814-1242.jar:na]
	at org.eclipse.osgi.framework.util.SecureAction.start(SecureAction.java:478) [org.eclipse.osgi_3.9.1.v20130814-1242.jar:na]
	at org.eclipse.osgi.internal.loader.BundleLoader.setLazyTrigger(BundleLoader.java:263) [org.eclipse.osgi_3.9.1.v20130814-1242.jar:na]
	at org.eclipse.core.runtime.internal.adaptor.EclipseLazyStarter.postFindLocalClass(EclipseLazyStarter.java:109) [org.eclipse.osgi_3.9.1.v20130814-1242.jar:na]
	at org.eclipse.osgi.baseadaptor.loader.ClasspathManager.findLocalClass(ClasspathManager.java:469) [org.eclipse.osgi_3.9.1.v20130814-1242.jar:na]
	at org.eclipse.osgi.internal.baseadaptor.DefaultClassLoader.findLocalClass(DefaultClassLoader.java:216) [org.eclipse.osgi_3.9.1.v20130814-1242.jar:na]
	at org.eclipse.osgi.internal.loader.BundleLoader.findLocalClass(BundleLoader.java:395) [org.eclipse.osgi_3.9.1.v20130814-1242.jar:na]
	at org.eclipse.osgi.internal.loader.BundleLoader.findClassInternal(BundleLoader.java:464) [org.eclipse.osgi_3.9.1.v20130814-1242.jar:na]
	at org.eclipse.osgi.internal.loader.BundleLoader.findClass(BundleLoader.java:421) [org.eclipse.osgi_3.9.1.v20130814-1242.jar:na]
	at org.eclipse.osgi.internal.loader.BundleLoader.findClass(BundleLoader.java:412) [org.eclipse.osgi_3.9.1.v20130814-1242.jar:na]
	at org.eclipse.osgi.internal.baseadaptor.DefaultClassLoader.loadClass(DefaultClassLoader.java:107) [org.eclipse.osgi_3.9.1.v20130814-1242.jar:na]
	at java.lang.ClassLoader.loadClass(Unknown Source) [na:1.7.0_17]
	at org.eclipse.osgi.internal.loader.BundleLoader.loadClass(BundleLoader.java:340) [org.eclipse.osgi_3.9.1.v20130814-1242.jar:na]
	at org.eclipse.osgi.framework.internal.core.BundleHost.loadClass(BundleHost.java:229) [org.eclipse.osgi_3.9.1.v20130814-1242.jar:na]
	at org.eclipse.osgi.framework.internal.core.AbstractBundle.loadClass(AbstractBundle.java:1212) [org.eclipse.osgi_3.9.1.v20130814-1242.jar:na]
	at org.eclipse.core.internal.registry.osgi.RegistryStrategyOSGI.createExecutableExtension(RegistryStrategyOSGI.java:174) [org.eclipse.equinox.registry_3.5.301.v20130717-1549.jar:na]
	at org.eclipse.core.internal.registry.ExtensionRegistry.createExecutableExtension(ExtensionRegistry.java:905) [org.eclipse.equinox.registry_3.5.301.v20130717-1549.jar:na]
	at org.eclipse.core.internal.registry.ConfigurationElement.createExecutableExtension(ConfigurationElement.java:243) [org.eclipse.equinox.registry_3.5.301.v20130717-1549.jar:na]
	at org.eclipse.core.internal.registry.ConfigurationElementHandle.createExecutableExtension(ConfigurationElementHandle.java:55) [org.eclipse.equinox.registry_3.5.301.v20130717-1549.jar:na]
	at org.eclipse.ui.internal.WorkbenchPlugin$1.run(WorkbenchPlugin.java:282) [org.eclipse.ui.workbench_3.105.1.v20130821-1411.jar:na]
	at org.eclipse.swt.custom.BusyIndicator.showWhile(BusyIndicator.java:52) [org.eclipse.swt.win32.win32.x86_3.102.1.v20130827-2048.jar:na]
	at org.eclipse.ui.internal.WorkbenchPlugin.createExtension(WorkbenchPlugin.java:278) [org.eclipse.ui.workbench_3.105.1.v20130821-1411.jar:na]
	at org.eclipse.ui.internal.EarlyStartupRunnable.getExecutableExtension(EarlyStartupRunnable.java:117) [org.eclipse.ui.workbench_3.105.1.v20130821-1411.jar:na]
	at org.eclipse.ui.internal.EarlyStartupRunnable.run(EarlyStartupRunnable.java:66) [org.eclipse.ui.workbench_3.105.1.v20130821-1411.jar:na]
	at org.eclipse.core.runtime.SafeRunner.run(SafeRunner.java:42) [org.eclipse.equinox.common_3.6.200.v20130402-1505.jar:na]
	at org.eclipse.ui.internal.Workbench$55.run(Workbench.java:2551) [org.eclipse.ui.workbench_3.105.1.v20130821-1411.jar:na]
	at org.eclipse.core.internal.jobs.Worker.run(Worker.java:53) [org.eclipse.core.jobs_3.5.300.v20130429-1813.jar:na]
2014-12-15 11:09:17.945 [Worker-1] DEBUG HttpNotifications - Listening to JRebel notifications at http://127.0.0.1:51371/jrebel/notifications
2014-12-15 11:09:18.184 [Worker-1] DEBUG o.z.exec.ProcessExecutor - Executing [C:\Program Files (x86)\Java\jre7\bin\java.exe, -Drebel.log=false, -Drebel.log.stdout=false, -Drebel.properties=C:\Users\gecasti\.jrebel\jrebel.properties, -Drebel.license_server.legacy=false, -cp, C:\Program Files\eclipse\juno\plugins\org.zeroturnaround.eclipse.embedder_5.4.2.RELEASE-201311281027\jrebel\jrebel.jar, com.zeroturnaround.javarebel.CLILicensingAPIImpl, getCurrentLicense, ]...
2014-12-15 11:09:18.232 [Worker-1] DEBUG o.z.exec.ProcessExecutor - Started java.lang.ProcessImpl@17f4afe
2014-12-15 11:09:18.397 [JRebel License Expiration Notification Checker] DEBUG o.z.exec.ProcessExecutor - Executing [C:\Program Files (x86)\Java\jre7\bin\java.exe, -Drebel.log=false, -Drebel.log.stdout=false, -Drebel.properties=C:\Users\gecasti\.jrebel\jrebel.properties, -Drebel.license_server.legacy=false, -cp, C:\Program Files\eclipse\juno\plugins\org.zeroturnaround.eclipse.embedder_5.4.2.RELEASE-201311281027\jrebel\jrebel.jar, com.zeroturnaround.javarebel.CLILicensingAPIImpl, getCurrentLicense, ]...
2014-12-15 11:09:18.410 [JRebel License Expiration Notification Checker] DEBUG o.z.exec.ProcessExecutor - Started java.lang.ProcessImpl@92b174
2014-12-15 11:09:18.933 [JRebel License Expiration Notification Checker] DEBUG o.z.exec.WaitForProcess - java.lang.ProcessImpl@92b174 stopped with exit code 2
2014-12-15 11:09:18.936 [Worker-1] DEBUG o.z.exec.WaitForProcess - java.lang.ProcessImpl@17f4afe stopped with exit code 2
2014-12-16 08:57:28.190 [JRebel License Expiration Notification Checker] DEBUG o.z.exec.ProcessExecutor - Executing [C:\Program Files (x86)\Java\jre7\bin\java.exe, -Drebel.log=false, -Drebel.log.stdout=false, -Drebel.properties=C:\Users\gecasti\.jrebel\jrebel.properties, -Drebel.license_server.legacy=false, -cp, C:\Program Files\eclipse\juno\plugins\org.zeroturnaround.eclipse.embedder_5.4.2.RELEASE-201311281027\jrebel\jrebel.jar, com.zeroturnaround.javarebel.CLILicensingAPIImpl, getCurrentLicense, ]...
2014-12-16 08:57:30.706 [JRebel License Expiration Notification Checker] DEBUG o.z.exec.ProcessExecutor - Started java.lang.ProcessImpl@1135fe
2014-12-16 08:57:33.054 [JRebel License Expiration Notification Checker] DEBUG o.z.exec.WaitForProcess - java.lang.ProcessImpl@1135fe stopped with exit code 2
2014-12-17 08:13:41.582 [JRebel License Expiration Notification Checker] DEBUG o.z.exec.ProcessExecutor - Executing [C:\Program Files (x86)\Java\jre7\bin\java.exe, -Drebel.log=false, -Drebel.log.stdout=false, -Drebel.properties=C:\Users\gecasti\.jrebel\jrebel.properties, -Drebel.license_server.legacy=false, -cp, C:\Program Files\eclipse\juno\plugins\org.zeroturnaround.eclipse.embedder_5.4.2.RELEASE-201311281027\jrebel\jrebel.jar, com.zeroturnaround.javarebel.CLILicensingAPIImpl, getCurrentLicense, ]...
2014-12-17 08:14:01.232 [JRebel License Expiration Notification Checker] DEBUG o.z.exec.ProcessExecutor - Started java.lang.ProcessImpl@162abdd
2014-12-17 08:14:02.784 [JRebel License Expiration Notification Checker] DEBUG o.z.exec.WaitForProcess - java.lang.ProcessImpl@162abdd stopped with exit code 2
2014-12-18 09:13:51.550 [JRebel License Expiration Notification Checker] DEBUG o.z.exec.ProcessExecutor - Executing [C:\Program Files (x86)\Java\jre7\bin\java.exe, -Drebel.log=false, -Drebel.log.stdout=false, -Drebel.properties=C:\Users\gecasti\.jrebel\jrebel.properties, -Drebel.license_server.legacy=false, -cp, C:\Program Files\eclipse\juno\plugins\org.zeroturnaround.eclipse.embedder_5.4.2.RELEASE-201311281027\jrebel\jrebel.jar, com.zeroturnaround.javarebel.CLILicensingAPIImpl, getCurrentLicense, ]...
2014-12-18 09:13:57.060 [JRebel License Expiration Notification Checker] DEBUG o.z.exec.ProcessExecutor - Started java.lang.ProcessImpl@1b35342
2014-12-18 09:14:02.650 [JRebel License Expiration Notification Checker] DEBUG o.z.exec.WaitForProcess - java.lang.ProcessImpl@1b35342 stopped with exit code 2
2014-12-19 00:14:03.177 [JRebel License Expiration Notification Checker] DEBUG o.z.exec.ProcessExecutor - Executing [C:\Program Files (x86)\Java\jre7\bin\java.exe, -Drebel.log=false, -Drebel.log.stdout=false, -Drebel.properties=C:\Users\gecasti\.jrebel\jrebel.properties, -Drebel.license_server.legacy=false, -cp, C:\Program Files\eclipse\juno\plugins\org.zeroturnaround.eclipse.embedder_5.4.2.RELEASE-201311281027\jrebel\jrebel.jar, com.zeroturnaround.javarebel.CLILicensingAPIImpl, getCurrentLicense, ]...
2014-12-19 00:14:04.892 [JRebel License Expiration Notification Checker] DEBUG o.z.exec.ProcessExecutor - Started java.lang.ProcessImpl@273f2a
2014-12-19 00:14:19.551 [JRebel License Expiration Notification Checker] DEBUG o.z.exec.WaitForProcess - java.lang.ProcessImpl@273f2a stopped with exit code 2
